<?xml version="1.0" encoding="UTF-8"?>
<!-- Generated by org.testng.reporters.JUnitReportReporter -->
<testsuite hostname="DESKTOP-5R12BVU" failures="0" tests="2" name="Projects.MavenRevision.loginTest" time="45.082" errors="0" timestamp="2022-05-08T14:44:47 IST" skipped="0">
  <testcase classname="Projects.MavenRevision.loginTest" name="propMethod" time="26.095"/>
  <system-out/>
  <testcase classname="Projects.MavenRevision.loginTest" name="propMethod" time="18.987"/>
  <system-out/>
</testsuite> <!-- Projects.MavenRevision.loginTest -->
