<?xml version="1.0" encoding="UTF-8"?>
<!-- Generated by org.testng.reporters.JUnitReportReporter -->
<testsuite hostname="DESKTOP-5R12BVU" failures="0" tests="2" name="Projects.MavenRevision.test" time="38.123" errors="0" timestamp="2022-04-30T20:14:39 IST" skipped="0">
  <testcase classname="Projects.MavenRevision.test" name="propMethod" time="17.146"/>
  <system-out/>
  <testcase classname="Projects.MavenRevision.test" name="propMethod" time="20.977"/>
  <system-out/>
</testsuite> <!-- Projects.MavenRevision.test -->
