<?xml version="1.0" encoding="UTF-8"?>
<!-- Generated by org.testng.reporters.JUnitReportReporter -->
<testsuite hostname="DESKTOP-5R12BVU" failures="0" tests="1" name="Projects.MavenRevision.validatetitle" time="21.110" errors="0" timestamp="2022-04-30T20:09:36 IST" skipped="0">
  <testcase classname="Projects.MavenRevision.validatetitle" name="getTitle" time="21.110"/>
  <system-out/>
</testsuite> <!-- Projects.MavenRevision.validatetitle -->
