<?xml version="1.0" encoding="UTF-8"?>
<!-- Generated by org.testng.reporters.JUnitReportReporter -->
<testsuite skipped="0" hostname="DESKTOP-5R12BVU" name="Projects.MavenRevision.loginTest" tests="2" failures="0" timestamp="2022-05-07T13:20:39 IST" time="59.595" errors="0">
  <testcase name="propMethod" time="38.156" classname="Projects.MavenRevision.loginTest"/>
  <system-out/>
  <testcase name="propMethod" time="21.439" classname="Projects.MavenRevision.loginTest"/>
  <system-out/>
</testsuite> <!-- Projects.MavenRevision.loginTest -->
